<?xml version="1.0" encoding="UTF-8"?>
<!-- Generated by org.testng.reporters.JUnitReportReporter -->
<testsuite hostname="LAPTOP-17E9B0FD" failures="0" tests="1" name="test.testcase" time="23.586" errors="0" timestamp="2023-09-15T19:14:37 IST" skipped="0">
  <testcase classname="test.testcase" name="test2" time="23.586"/>
  <system-out/>
</testsuite> <!-- test.testcase -->
